2017-01-21 11:44:06.792 [AWT-EventQueue-0] DEBUG org.apache.ibatis.logging.LogFactory - Logging initialized using 'class org.apache.ibatis.logging.log4j2.Log4j2Impl' adapter.
2017-01-21 11:44:06.948 [AWT-EventQueue-0] DEBUG org.apache.ibatis.datasource.pooled.PooledDataSource - PooledDataSource forcefully closed/removed all connections.
2017-01-21 11:44:06.948 [AWT-EventQueue-0] DEBUG org.apache.ibatis.datasource.pooled.PooledDataSource - PooledDataSource forcefully closed/removed all connections.
2017-01-21 11:44:06.949 [AWT-EventQueue-0] DEBUG org.apache.ibatis.datasource.pooled.PooledDataSource - PooledDataSource forcefully closed/removed all connections.
2017-01-21 11:44:06.949 [AWT-EventQueue-0] DEBUG org.apache.ibatis.datasource.pooled.PooledDataSource - PooledDataSource forcefully closed/removed all connections.
2017-01-21 11:44:07.180 [AWT-EventQueue-0] DEBUG org.apache.ibatis.transaction.jdbc.JdbcTransaction - Opening JDBC Connection
2017-01-21 11:44:07.605 [AWT-EventQueue-0] DEBUG org.apache.ibatis.datasource.pooled.PooledDataSource - Created connection 1352518021.
2017-01-21 11:44:07.606 [AWT-EventQueue-0] DEBUG org.apache.ibatis.transaction.jdbc.JdbcTransaction - Setting autocommit to false on JDBC Connection [com.mysql.jdbc.JDBC4Connection@509dc985]
2017-01-21 11:44:07.609 [AWT-EventQueue-0] DEBUG Dao.UserDAOInterface.selectById - ==>  Preparing: SELECT * FROM users WHERE username = ? AND password = ? 
2017-01-21 11:44:07.673 [AWT-EventQueue-0] DEBUG Dao.UserDAOInterface.selectById - ==> Parameters: (String), %1%(String)
2017-01-21 11:44:07.691 [AWT-EventQueue-0] DEBUG Dao.UserDAOInterface.selectById - <==      Total: 0
2017-01-21 11:44:07.692 [AWT-EventQueue-0] DEBUG org.apache.ibatis.transaction.jdbc.JdbcTransaction - Resetting autocommit to true on JDBC Connection [com.mysql.jdbc.JDBC4Connection@509dc985]
2017-01-21 11:44:07.693 [AWT-EventQueue-0] DEBUG org.apache.ibatis.transaction.jdbc.JdbcTransaction - Closing JDBC Connection [com.mysql.jdbc.JDBC4Connection@509dc985]
2017-01-21 11:44:07.693 [AWT-EventQueue-0] DEBUG org.apache.ibatis.datasource.pooled.PooledDataSource - Returned connection 1352518021 to pool.
2017-01-21 11:44:07.695 [AWT-EventQueue-0] INFO  Graphics.Login - Utente errato
2017-01-21 11:44:08.990 [AWT-EventQueue-0] DEBUG Graphics.Login - Login ok


ciao ciao bene


2017-01-21 11:44:21.223 [AWT-EventQueue-0] DEBUG org.apache.ibatis.transaction.jdbc.JdbcTransaction - Opening JDBC Connection
2017-01-21 11:44:21.223 [AWT-EventQueue-0] DEBUG org.apache.ibatis.datasource.pooled.PooledDataSource - Checked out connection 1352518021 from pool.
2017-01-21 11:44:21.224 [AWT-EventQueue-0] DEBUG org.apache.ibatis.transaction.jdbc.JdbcTransaction - Setting autocommit to false on JDBC Connection [com.mysql.jdbc.JDBC4Connection@509dc985]
2017-01-21 11:44:21.224 [AWT-EventQueue-0] DEBUG Dao.UserDAOInterface.selectById - ==>  Preparing: SELECT * FROM users WHERE username = ? AND password = ? 
2017-01-21 11:44:21.225 [AWT-EventQueue-0] DEBUG Dao.UserDAOInterface.selectById - ==> Parameters: alessandro(String), %1%(String)
2017-01-21 11:44:21.227 [AWT-EventQueue-0] DEBUG Dao.UserDAOInterface.selectById - <==      Total: 0
2017-01-21 11:44:21.228 [AWT-EventQueue-0] DEBUG org.apache.ibatis.transaction.jdbc.JdbcTransaction - Resetting autocommit to true on JDBC Connection [com.mysql.jdbc.JDBC4Connection@509dc985]
2017-01-21 11:44:21.228 [AWT-EventQueue-0] DEBUG org.apache.ibatis.transaction.jdbc.JdbcTransaction - Closing JDBC Connection [com.mysql.jdbc.JDBC4Connection@509dc985]
2017-01-21 11:44:21.229 [AWT-EventQueue-0] DEBUG org.apache.ibatis.datasource.pooled.PooledDataSource - Returned connection 1352518021 to pool.
2017-01-21 11:44:21.229 [AWT-EventQueue-0] INFO  Graphics.Login - Utente errato
2017-01-21 11:44:24.207 [AWT-EventQueue-0] DEBUG Graphics.Login - Login ok
2017-01-21 11:44:31.936 [AWT-EventQueue-0] DEBUG org.apache.ibatis.transaction.jdbc.JdbcTransaction - Opening JDBC Connection
2017-01-21 11:44:31.937 [AWT-EventQueue-0] DEBUG org.apache.ibatis.datasource.pooled.PooledDataSource - Checked out connection 1352518021 from pool.
2017-01-21 11:44:31.937 [AWT-EventQueue-0] DEBUG org.apache.ibatis.transaction.jdbc.JdbcTransaction - Setting autocommit to false on JDBC Connection [com.mysql.jdbc.JDBC4Connection@509dc985]
2017-01-21 11:44:31.939 [AWT-EventQueue-0] DEBUG Dao.UserDAOInterface.selectById - ==>  Preparing: SELECT * FROM users WHERE username = ? AND password = ? 
2017-01-21 11:44:31.939 [AWT-EventQueue-0] DEBUG Dao.UserDAOInterface.selectById - ==> Parameters: alessandro(String), %1%(String)
2017-01-21 11:44:31.941 [AWT-EventQueue-0] DEBUG Dao.UserDAOInterface.selectById - <==      Total: 0
2017-01-21 11:44:31.941 [AWT-EventQueue-0] DEBUG org.apache.ibatis.transaction.jdbc.JdbcTransaction - Resetting autocommit to true on JDBC Connection [com.mysql.jdbc.JDBC4Connection@509dc985]
2017-01-21 11:44:31.942 [AWT-EventQueue-0] DEBUG org.apache.ibatis.transaction.jdbc.JdbcTransaction - Closing JDBC Connection [com.mysql.jdbc.JDBC4Connection@509dc985]
2017-01-21 11:44:31.942 [AWT-EventQueue-0] DEBUG org.apache.ibatis.datasource.pooled.PooledDataSource - Returned connection 1352518021 to pool.
2017-01-21 11:44:31.943 [AWT-EventQueue-0] INFO  Graphics.Login - Utente errato
2017-01-21 11:44:33.559 [AWT-EventQueue-0] DEBUG Graphics.Login - Login ok
